<?xml version="1.0" encoding="UTF-8"?>
<!-- Generated by org.testng.reporters.JUnitXMLReporter -->
<testsuite ignored="0" hostname="DESKTOP-6891DEK" failures="0" tests="4" name="Default test" time="0.08" errors="0" timestamp="2022-12-30T14:57:51 IST">
  <testcase classname="sec16TestNG.lect132XMLfile" name="FirstPrograme" time="0.005"/>
  <testcase classname="sec16TestNG.lect132XMLfile" name="SecondPrograme" time="0.003"/>
  <testcase classname="sec16TestNG.lect132XMLfile" name="SecondPrograme" time="0.002"/>
  <testcase classname="sec16TestNG.lect132XMLfile" name="SecondPrograme" time="0.002"/>
</testsuite> <!-- Default test -->
