<?xml version="1.0" encoding="UTF-8"?>
<!-- Generated by org.testng.reporters.JUnitXMLReporter -->
<testsuite ignored="1" hostname="DESKTOP-6891DEK" failures="0" tests="4" name="Car Loan" time="0.025" errors="0" timestamp="2022-12-29T17:12:45 IST">
  <testcase classname="sec16TestNG.lect133carLoan" name="MobileLoginCarLoan" time="0.003"/>
  <testcase classname="sec16TestNG.lect133carLoan" name="MobileSignInCarLoan" time="0.002"/>
  <testcase classname="sec16TestNG.lect133carLoan" name="MobileSignOutCarLoan" time="0.004"/>
  <testcase classname="sec16TestNG.lect133carLoan" name="webLoginCarLoan" time="0.001"/>
  <testcase classname="sec16TestNG.lect133carLoan" name="APICarLoan" time="0.0">
    <ignored/>
  </testcase> <!-- APICarLoan -->
</testsuite> <!-- Car Loan -->
