<?xml version="1.0" encoding="UTF-8"?>
<!-- Generated by org.testng.reporters.JUnitXMLReporter -->
<testsuite ignored="0" hostname="DESKTOP-6891DEK" failures="0" tests="11" name="Test" time="0.134" errors="0" timestamp="2022-12-30T12:52:54 IST">
  <testcase classname="sec16TestNG.lect133carLoan" name="webLoginCarLoan" time="0.009"/>
  <testcase classname="sec16TestNG.lect133carLoan" name="APICarLoan" time="0.002"/>
  <testcase classname="sec16TestNG.lect133carLoan" name="MobileLoginCarLoan" time="0.003"/>
  <testcase classname="sec16TestNG.lect133carLoan" name="MobileSignOutCarLoan" time="0.001"/>
  <testcase classname="sec16TestNG.lect133carLoan" name="MobileSignInCarLoan" time="0.001"/>
  <testcase classname="sec16TestNG.lect132XMLfile" name="FirstPrograme" time="0.003"/>
  <testcase classname="sec16TestNG.lect132XMLfile" name="SecondPrograme" time="0.001"/>
  <testcase classname="sec16TestNG.lect133homeLoan" name="LoginAPIHomeLoan" time="0.003"/>
  <testcase classname="sec16TestNG.lect133homeLoan" name="MobileLoginHomeLoan" time="0.002"/>
  <testcase classname="sec16TestNG.lect133homeLoan" name="webLoginHomeLoan" time="0.004"/>
  <testcase classname="sec16TestNG.lect132XMLfile2" name="PersonalLoan" time="0.002"/>
</testsuite> <!-- Test -->
