<?xml version="1.0" encoding="UTF-8"?>
<!-- Generated by org.testng.reporters.JUnitXMLReporter -->
<testsuite ignored="0" hostname="DESKTOP-6891DEK" failures="0" tests="5" name="Car Loan" time="0.046" errors="0" timestamp="2022-12-30T12:56:23 IST">
  <testcase classname="sec16TestNG.lect133carLoan" name="MobileSignOutCarLoan" time="0.002"/>
  <testcase classname="sec16TestNG.lect133carLoan" name="webLoginCarLoan" time="0.003"/>
  <testcase classname="sec16TestNG.lect133carLoan" name="APICarLoan" time="0.002"/>
  <testcase classname="sec16TestNG.lect133carLoan" name="MobileLoginCarLoan" time="0.003"/>
  <testcase classname="sec16TestNG.lect133carLoan" name="MobileSignInCarLoan" time="0.001"/>
</testsuite> <!-- Car Loan -->
