<?xml version="1.0" encoding="UTF-8"?>
<!-- Generated by org.testng.reporters.JUnitXMLReporter -->
<testsuite ignored="2" hostname="DESKTOP-6891DEK" failures="0" tests="4" name="Personal Loan" time="0.076" errors="0" timestamp="2022-12-30T12:56:23 IST">
  <testcase classname="sec16TestNG.lect132XMLfile" name="FirstPrograme" time="0.008"/>
  <testcase classname="sec16TestNG.lect133homeLoan" name="LoginAPIHomeLoan" time="0.003"/>
  <testcase classname="sec16TestNG.lect133homeLoan" name="MobileLoginHomeLoan" time="0.001"/>
  <testcase classname="sec16TestNG.lect133homeLoan" name="webLoginHomeLoan" time="0.002"/>
  <testcase classname="sec16TestNG.lect132XMLfile" name="SecondPrograme" time="0.0">
    <ignored/>
  </testcase> <!-- SecondPrograme -->
  <testcase classname="sec16TestNG.lect132XMLfile2" name="PersonalLoan" time="0.0">
    <ignored/>
  </testcase> <!-- PersonalLoan -->
</testsuite> <!-- Personal Loan -->
