<?xml version="1.0" encoding="UTF-8"?>
<!-- Generated by org.testng.reporters.JUnitXMLReporter -->
<testsuite ignored="7" hostname="DESKTOP-6891DEK" failures="0" tests="4" name="Regression" time="0.086" errors="0" timestamp="2022-12-30T12:56:10 IST">
  <testcase classname="sec16TestNG.lect132XMLfile" name="FirstPrograme" time="0.007"/>
  <testcase classname="sec16TestNG.lect133carLoan" name="APICarLoan" time="0.004"/>
  <testcase classname="sec16TestNG.lect133carLoan" name="webLoginCarLoan" time="0.001"/>
  <testcase classname="sec16TestNG.lect133homeLoan" name="webLoginHomeLoan" time="0.005"/>
  <testcase classname="sec16TestNG.lect133carLoan" name="MobileLoginCarLoan" time="0.0">
    <ignored/>
  </testcase> <!-- MobileLoginCarLoan -->
  <testcase classname="sec16TestNG.lect132XMLfile" name="SecondPrograme" time="0.0">
    <ignored/>
  </testcase> <!-- SecondPrograme -->
  <testcase classname="sec16TestNG.lect133carLoan" name="MobileSignOutCarLoan" time="0.0">
    <ignored/>
  </testcase> <!-- MobileSignOutCarLoan -->
  <testcase classname="sec16TestNG.lect133homeLoan" name="MobileLoginHomeLoan" time="0.0">
    <ignored/>
  </testcase> <!-- MobileLoginHomeLoan -->
  <testcase classname="sec16TestNG.lect133homeLoan" name="LoginAPIHomeLoan" time="0.0">
    <ignored/>
  </testcase> <!-- LoginAPIHomeLoan -->
  <testcase classname="sec16TestNG.lect133carLoan" name="MobileSignInCarLoan" time="0.0">
    <ignored/>
  </testcase> <!-- MobileSignInCarLoan -->
  <testcase classname="sec16TestNG.lect132XMLfile2" name="PersonalLoan" time="0.0">
    <ignored/>
  </testcase> <!-- PersonalLoan -->
</testsuite> <!-- Regression -->
